2016-08-26 05:34:43.206 INFO  (main) [   ] o.e.j.u.log Logging initialized @346ms
2016-08-26 05:34:43.390 INFO  (main) [   ] o.e.j.s.Server jetty-9.2.13.v20150730
2016-08-26 05:34:43.405 WARN  (main) [   ] o.e.j.s.h.RequestLogHandler !RequestLog
2016-08-26 05:34:43.406 INFO  (main) [   ] o.e.j.d.p.ScanningAppProvider Deployment monitor [file:/Applications/drupal-7.50-0/apps/solr-5.5.0/server/contexts/] at interval 0
2016-08-26 05:34:43.777 INFO  (main) [   ] o.e.j.w.StandardDescriptorProcessor NO JSP Support for /solr, did not find org.apache.jasper.servlet.JspServlet
2016-08-26 05:34:43.787 WARN  (main) [   ] o.e.j.s.SecurityHandler ServletContext@o.e.j.w.WebAppContext@146ba0ac{/solr,file:/Applications/drupal-7.50-0/apps/solr-5.5.0/server/solr-webapp/webapp/,STARTING}{/Applications/drupal-7.50-0/apps/solr-5.5.0/server/solr-webapp/webapp} has uncovered http methods for path: /
2016-08-26 05:34:43.799 INFO  (main) [   ] o.a.s.s.SolrDispatchFilter SolrDispatchFilter.init(): WebAppClassLoader=239465106@e45f292
2016-08-26 05:34:43.822 INFO  (main) [   ] o.a.s.c.SolrResourceLoader JNDI not configured for solr (NoInitialContextEx)
2016-08-26 05:34:43.822 INFO  (main) [   ] o.a.s.c.SolrResourceLoader using system property solr.solr.home: /Applications/drupal-7.50-0/apps/solr-5.5.0/server/solr
2016-08-26 05:34:43.823 INFO  (main) [   ] o.a.s.c.SolrResourceLoader new SolrResourceLoader for directory: '/Applications/drupal-7.50-0/apps/solr-5.5.0/server/solr'
2016-08-26 05:34:43.823 INFO  (main) [   ] o.a.s.c.SolrResourceLoader JNDI not configured for solr (NoInitialContextEx)
2016-08-26 05:34:43.823 INFO  (main) [   ] o.a.s.c.SolrResourceLoader using system property solr.solr.home: /Applications/drupal-7.50-0/apps/solr-5.5.0/server/solr
2016-08-26 05:34:43.829 INFO  (main) [   ] o.a.s.c.SolrXmlConfig Loading container configuration from /Applications/drupal-7.50-0/apps/solr-5.5.0/server/solr/solr.xml
2016-08-26 05:34:43.932 INFO  (main) [   ] o.a.s.c.CorePropertiesLocator Config-defined core root directory: /Applications/drupal-7.50-0/apps/solr-5.5.0/server/solr
2016-08-26 05:34:43.961 INFO  (main) [   ] o.a.s.c.CoreContainer New CoreContainer 513700442
2016-08-26 05:34:43.961 INFO  (main) [   ] o.a.s.c.CoreContainer Loading cores into CoreContainer [instanceDir=/Applications/drupal-7.50-0/apps/solr-5.5.0/server/solr]
2016-08-26 05:34:43.962 WARN  (main) [   ] o.a.s.c.CoreContainer Couldn't add files from /Applications/drupal-7.50-0/apps/solr-5.5.0/server/solr/lib to classpath: /Applications/drupal-7.50-0/apps/solr-5.5.0/server/solr/lib
2016-08-26 05:34:43.974 INFO  (main) [   ] o.a.s.h.c.HttpShardHandlerFactory created with socketTimeout : 600000,connTimeout : 60000,maxConnectionsPerHost : 20,maxConnections : 10000,corePoolSize : 0,maximumPoolSize : 2147483647,maxThreadIdleTime : 5,sizeOfQueue : -1,fairnessPolicy : false,useRetries : false,
2016-08-26 05:34:44.178 INFO  (main) [   ] o.a.s.u.UpdateShardHandler Creating UpdateShardHandler HTTP client with params: socketTimeout=600000&connTimeout=60000&retry=true
2016-08-26 05:34:44.181 INFO  (main) [   ] o.a.s.l.LogWatcher SLF4J impl is org.slf4j.impl.Log4jLoggerFactory
2016-08-26 05:34:44.181 INFO  (main) [   ] o.a.s.l.LogWatcher Registering Log Listener [Log4j (org.slf4j.impl.Log4jLoggerFactory)]
2016-08-26 05:34:44.183 INFO  (main) [   ] o.a.s.c.CoreContainer Security conf doesn't exist. Skipping setup for authorization module.
2016-08-26 05:34:44.184 INFO  (main) [   ] o.a.s.c.CoreContainer No authentication plugin used.
2016-08-26 05:34:44.262 INFO  (main) [   ] o.a.s.c.CorePropertiesLocator Looking for core definitions underneath /Applications/drupal-7.50-0/apps/solr-5.5.0/server/solr
2016-08-26 05:34:44.286 INFO  (main) [   ] o.a.s.c.CoreDescriptor Created CoreDescriptor: {solr.replication.pollInterval=00:00:60, solr.autoCommit.MaxDocs=10000, solr.contrib.dir=../../../contrib, solr.replication.confFiles=schema.xml,mapping-ISOLatin1Accent.txt,protwords.txt,stopwords.txt,synonyms.txt,elevate.xml, loadOnStartup=true, solr.replication.master=false, solr.mlt.timeAllowed=2000, solr.pinkPony.timeAllowed=-1, solr.autoSoftCommit.MaxTime=10000, schema=schema.xml, solr.replication.masterUrl=http://localhost:8983/solr, solr.autoSoftCommit.MaxDocs=2000, solr.luceneMatchVersion=5.0.0, configSetProperties=configsetprops.json, solr.autoCommit.MaxTime=120000, dataDir=data, transient=false, config=solrconfig.xml, solr.replication.slave=false, name=drupal}
2016-08-26 05:34:44.286 INFO  (main) [   ] o.a.s.c.CorePropertiesLocator Found core drupal in /Applications/drupal-7.50-0/apps/solr-5.5.0/server/solr/drupal
2016-08-26 05:34:44.289 INFO  (main) [   ] o.a.s.c.CoreDescriptor Created CoreDescriptor: {solr.replication.pollInterval=00:00:60, solr.autoCommit.MaxDocs=10000, solr.contrib.dir=../../../contrib, solr.replication.confFiles=schema.xml,mapping-ISOLatin1Accent.txt,protwords.txt,stopwords.txt,synonyms.txt,elevate.xml, loadOnStartup=true, solr.replication.master=false, solr.mlt.timeAllowed=2000, solr.pinkPony.timeAllowed=-1, solr.autoSoftCommit.MaxTime=10000, schema=schema.xml, solr.replication.masterUrl=http://localhost:8983/solr, solr.autoSoftCommit.MaxDocs=2000, solr.luceneMatchVersion=5.0.0, configSetProperties=configsetprops.json, solr.autoCommit.MaxTime=120000, dataDir=data, transient=false, config=solrconfig.xml, solr.replication.slave=false, name=search}
2016-08-26 05:34:44.289 INFO  (main) [   ] o.a.s.c.CorePropertiesLocator Found core search in /Applications/drupal-7.50-0/apps/solr-5.5.0/server/solr/search
2016-08-26 05:34:44.289 INFO  (main) [   ] o.a.s.c.CorePropertiesLocator Found 2 core definitions
2016-08-26 05:34:44.292 INFO  (main) [   ] o.a.s.s.SolrDispatchFilter user.dir=/Applications/drupal-7.50-0/apps/solr-5.5.0/server
2016-08-26 05:34:44.292 INFO  (main) [   ] o.a.s.s.SolrDispatchFilter SolrDispatchFilter.init() done
2016-08-26 05:34:44.293 INFO  (coreLoadExecutor-6-thread-2) [   ] o.a.s.c.SolrResourceLoader new SolrResourceLoader for directory: '/Applications/drupal-7.50-0/apps/solr-5.5.0/server/solr/search'
2016-08-26 05:34:44.293 INFO  (coreLoadExecutor-6-thread-1) [   ] o.a.s.c.SolrResourceLoader new SolrResourceLoader for directory: '/Applications/drupal-7.50-0/apps/solr-5.5.0/server/solr/drupal'
2016-08-26 05:34:44.293 INFO  (coreLoadExecutor-6-thread-2) [   ] o.a.s.c.SolrResourceLoader JNDI not configured for solr (NoInitialContextEx)
2016-08-26 05:34:44.293 INFO  (coreLoadExecutor-6-thread-1) [   ] o.a.s.c.SolrResourceLoader JNDI not configured for solr (NoInitialContextEx)
2016-08-26 05:34:44.293 INFO  (coreLoadExecutor-6-thread-1) [   ] o.a.s.c.SolrResourceLoader using system property solr.solr.home: /Applications/drupal-7.50-0/apps/solr-5.5.0/server/solr
2016-08-26 05:34:44.293 INFO  (coreLoadExecutor-6-thread-2) [   ] o.a.s.c.SolrResourceLoader using system property solr.solr.home: /Applications/drupal-7.50-0/apps/solr-5.5.0/server/solr
2016-08-26 05:34:44.302 INFO  (main) [   ] o.e.j.s.h.ContextHandler Started o.e.j.w.WebAppContext@146ba0ac{/solr,file:/Applications/drupal-7.50-0/apps/solr-5.5.0/server/solr-webapp/webapp/,AVAILABLE}{/Applications/drupal-7.50-0/apps/solr-5.5.0/server/solr-webapp/webapp}
2016-08-26 05:34:44.324 INFO  (main) [   ] o.e.j.s.ServerConnector Started ServerConnector@5c6648b0{HTTP/1.1}{0.0.0.0:8983}
2016-08-26 05:34:44.324 INFO  (main) [   ] o.e.j.s.Server Started @1467ms
2016-08-26 05:34:44.347 INFO  (coreLoadExecutor-6-thread-1) [   ] o.a.s.c.SolrConfig current version of requestparams : -1
2016-08-26 05:34:44.347 INFO  (coreLoadExecutor-6-thread-2) [   ] o.a.s.c.SolrConfig current version of requestparams : -1
2016-08-26 05:34:44.350 INFO  (coreLoadExecutor-6-thread-1) [   ] o.a.s.c.SolrConfig Adding specified lib dirs to ClassLoader
2016-08-26 05:34:44.350 INFO  (coreLoadExecutor-6-thread-2) [   ] o.a.s.c.SolrConfig Adding specified lib dirs to ClassLoader
2016-08-26 05:34:44.357 INFO  (coreLoadExecutor-6-thread-1) [   ] o.a.s.c.SolrResourceLoader Adding 'file:/Applications/drupal-7.50-0/apps/solr-5.5.0/contrib/extraction/lib/apache-mime4j-core-0.7.2.jar' to classloader
2016-08-26 05:34:44.357 INFO  (coreLoadExecutor-6-thread-1) [   ] o.a.s.c.SolrResourceLoader Adding 'file:/Applications/drupal-7.50-0/apps/solr-5.5.0/contrib/extraction/lib/apache-mime4j-dom-0.7.2.jar' to classloader
2016-08-26 05:34:44.357 INFO  (coreLoadExecutor-6-thread-1) [   ] o.a.s.c.SolrResourceLoader Adding 'file:/Applications/drupal-7.50-0/apps/solr-5.5.0/contrib/extraction/lib/aspectjrt-1.8.0.jar' to classloader
2016-08-26 05:34:44.358 INFO  (coreLoadExecutor-6-thread-1) [   ] o.a.s.c.SolrResourceLoader Adding 'file:/Applications/drupal-7.50-0/apps/solr-5.5.0/contrib/extraction/lib/bcmail-jdk15-1.45.jar' to classloader
2016-08-26 05:34:44.358 INFO  (coreLoadExecutor-6-thread-1) [   ] o.a.s.c.SolrResourceLoader Adding 'file:/Applications/drupal-7.50-0/apps/solr-5.5.0/contrib/extraction/lib/bcprov-jdk15-1.45.jar' to classloader
2016-08-26 05:34:44.358 INFO  (coreLoadExecutor-6-thread-1) [   ] o.a.s.c.SolrResourceLoader Adding 'file:/Applications/drupal-7.50-0/apps/solr-5.5.0/contrib/extraction/lib/boilerpipe-1.1.0.jar' to classloader
2016-08-26 05:34:44.357 INFO  (coreLoadExecutor-6-thread-2) [   ] o.a.s.c.SolrResourceLoader Adding 'file:/Applications/drupal-7.50-0/apps/solr-5.5.0/contrib/extraction/lib/apache-mime4j-core-0.7.2.jar' to classloader
2016-08-26 05:34:44.358 INFO  (coreLoadExecutor-6-thread-1) [   ] o.a.s.c.SolrResourceLoader Adding 'file:/Applications/drupal-7.50-0/apps/solr-5.5.0/contrib/extraction/lib/commons-compress-1.8.1.jar' to classloader
2016-08-26 05:34:44.358 INFO  (coreLoadExecutor-6-thread-2) [   ] o.a.s.c.SolrResourceLoader Adding 'file:/Applications/drupal-7.50-0/apps/solr-5.5.0/contrib/extraction/lib/apache-mime4j-dom-0.7.2.jar' to classloader
2016-08-26 05:34:44.358 INFO  (coreLoadExecutor-6-thread-2) [   ] o.a.s.c.SolrResourceLoader Adding 'file:/Applications/drupal-7.50-0/apps/solr-5.5.0/contrib/extraction/lib/aspectjrt-1.8.0.jar' to classloader
2016-08-26 05:34:44.358 INFO  (coreLoadExecutor-6-thread-2) [   ] o.a.s.c.SolrResourceLoader Adding 'file:/Applications/drupal-7.50-0/apps/solr-5.5.0/contrib/extraction/lib/bcmail-jdk15-1.45.jar' to classloader
2016-08-26 05:34:44.358 INFO  (coreLoadExecutor-6-thread-2) [   ] o.a.s.c.SolrResourceLoader Adding 'file:/Applications/drupal-7.50-0/apps/solr-5.5.0/contrib/extraction/lib/bcprov-jdk15-1.45.jar' to classloader
2016-08-26 05:34:44.358 INFO  (coreLoadExecutor-6-thread-2) [   ] o.a.s.c.SolrResourceLoader Adding 'file:/Applications/drupal-7.50-0/apps/solr-5.5.0/contrib/extraction/lib/boilerpipe-1.1.0.jar' to classloader
2016-08-26 05:34:44.358 INFO  (coreLoadExecutor-6-thread-2) [   ] o.a.s.c.SolrResourceLoader Adding 'file:/Applications/drupal-7.50-0/apps/solr-5.5.0/contrib/extraction/lib/commons-compress-1.8.1.jar' to classloader
2016-08-26 05:34:44.358 INFO  (coreLoadExecutor-6-thread-2) [   ] o.a.s.c.SolrResourceLoader Adding 'file:/Applications/drupal-7.50-0/apps/solr-5.5.0/contrib/extraction/lib/fontbox-1.8.8.jar' to classloader
2016-08-26 05:34:44.358 INFO  (coreLoadExecutor-6-thread-2) [   ] o.a.s.c.SolrResourceLoader Adding 'file:/Applications/drupal-7.50-0/apps/solr-5.5.0/contrib/extraction/lib/icu4j-54.1.jar' to classloader
2016-08-26 05:34:44.358 INFO  (coreLoadExecutor-6-thread-2) [   ] o.a.s.c.SolrResourceLoader Adding 'file:/Applications/drupal-7.50-0/apps/solr-5.5.0/contrib/extraction/lib/isoparser-1.0.2.jar' to classloader
2016-08-26 05:34:44.358 INFO  (coreLoadExecutor-6-thread-2) [   ] o.a.s.c.SolrResourceLoader Adding 'file:/Applications/drupal-7.50-0/apps/solr-5.5.0/contrib/extraction/lib/java-libpst-0.8.1.jar' to classloader
2016-08-26 05:34:44.358 INFO  (coreLoadExecutor-6-thread-1) [   ] o.a.s.c.SolrResourceLoader Adding 'file:/Applications/drupal-7.50-0/apps/solr-5.5.0/contrib/extraction/lib/fontbox-1.8.8.jar' to classloader
2016-08-26 05:34:44.359 INFO  (coreLoadExecutor-6-thread-2) [   ] o.a.s.c.SolrResourceLoader Adding 'file:/Applications/drupal-7.50-0/apps/solr-5.5.0/contrib/extraction/lib/jdom-1.0.jar' to classloader
2016-08-26 05:34:44.359 INFO  (coreLoadExecutor-6-thread-1) [   ] o.a.s.c.SolrResourceLoader Adding 'file:/Applications/drupal-7.50-0/apps/solr-5.5.0/contrib/extraction/lib/icu4j-54.1.jar' to classloader
2016-08-26 05:34:44.359 INFO  (coreLoadExecutor-6-thread-2) [   ] o.a.s.c.SolrResourceLoader Adding 'file:/Applications/drupal-7.50-0/apps/solr-5.5.0/contrib/extraction/lib/jempbox-1.8.8.jar' to classloader
2016-08-26 05:34:44.359 INFO  (coreLoadExecutor-6-thread-1) [   ] o.a.s.c.SolrResourceLoader Adding 'file:/Applications/drupal-7.50-0/apps/solr-5.5.0/contrib/extraction/lib/isoparser-1.0.2.jar' to classloader
2016-08-26 05:34:44.359 INFO  (coreLoadExecutor-6-thread-2) [   ] o.a.s.c.SolrResourceLoader Adding 'file:/Applications/drupal-7.50-0/apps/solr-5.5.0/contrib/extraction/lib/jmatio-1.0.jar' to classloader
2016-08-26 05:34:44.359 INFO  (coreLoadExecutor-6-thread-1) [   ] o.a.s.c.SolrResourceLoader Adding 'file:/Applications/drupal-7.50-0/apps/solr-5.5.0/contrib/extraction/lib/java-libpst-0.8.1.jar' to classloader
2016-08-26 05:34:44.359 INFO  (coreLoadExecutor-6-thread-2) [   ] o.a.s.c.SolrResourceLoader Adding 'file:/Applications/drupal-7.50-0/apps/solr-5.5.0/contrib/extraction/lib/juniversalchardet-1.0.3.jar' to classloader
2016-08-26 05:34:44.359 INFO  (coreLoadExecutor-6-thread-1) [   ] o.a.s.c.SolrResourceLoader Adding 'file:/Applications/drupal-7.50-0/apps/solr-5.5.0/contrib/extraction/lib/jdom-1.0.jar' to classloader
2016-08-26 05:34:44.359 INFO  (coreLoadExecutor-6-thread-2) [   ] o.a.s.c.SolrResourceLoader Adding 'file:/Applications/drupal-7.50-0/apps/solr-5.5.0/contrib/extraction/lib/metadata-extractor-2.6.2.jar' to classloader
2016-08-26 05:34:44.359 INFO  (coreLoadExecutor-6-thread-1) [   ] o.a.s.c.SolrResourceLoader Adding 'file:/Applications/drupal-7.50-0/apps/solr-5.5.0/contrib/extraction/lib/jempbox-1.8.8.jar' to classloader
2016-08-26 05:34:44.359 INFO  (coreLoadExecutor-6-thread-2) [   ] o.a.s.c.SolrResourceLoader Adding 'file:/Applications/drupal-7.50-0/apps/solr-5.5.0/contrib/extraction/lib/pdfbox-1.8.8.jar' to classloader
2016-08-26 05:34:44.359 INFO  (coreLoadExecutor-6-thread-1) [   ] o.a.s.c.SolrResourceLoader Adding 'file:/Applications/drupal-7.50-0/apps/solr-5.5.0/contrib/extraction/lib/jmatio-1.0.jar' to classloader
2016-08-26 05:34:44.359 INFO  (coreLoadExecutor-6-thread-2) [   ] o.a.s.c.SolrResourceLoader Adding 'file:/Applications/drupal-7.50-0/apps/solr-5.5.0/contrib/extraction/lib/poi-3.11.jar' to classloader
2016-08-26 05:34:44.359 INFO  (coreLoadExecutor-6-thread-1) [   ] o.a.s.c.SolrResourceLoader Adding 'file:/Applications/drupal-7.50-0/apps/solr-5.5.0/contrib/extraction/lib/juniversalchardet-1.0.3.jar' to classloader
2016-08-26 05:34:44.359 INFO  (coreLoadExecutor-6-thread-2) [   ] o.a.s.c.SolrResourceLoader Adding 'file:/Applications/drupal-7.50-0/apps/solr-5.5.0/contrib/extraction/lib/poi-ooxml-3.11.jar' to classloader
2016-08-26 05:34:44.359 INFO  (coreLoadExecutor-6-thread-1) [   ] o.a.s.c.SolrResourceLoader Adding 'file:/Applications/drupal-7.50-0/apps/solr-5.5.0/contrib/extraction/lib/metadata-extractor-2.6.2.jar' to classloader
2016-08-26 05:34:44.360 INFO  (coreLoadExecutor-6-thread-2) [   ] o.a.s.c.SolrResourceLoader Adding 'file:/Applications/drupal-7.50-0/apps/solr-5.5.0/contrib/extraction/lib/poi-ooxml-schemas-3.11.jar' to classloader
2016-08-26 05:34:44.360 INFO  (coreLoadExecutor-6-thread-1) [   ] o.a.s.c.SolrResourceLoader Adding 'file:/Applications/drupal-7.50-0/apps/solr-5.5.0/contrib/extraction/lib/pdfbox-1.8.8.jar' to classloader
2016-08-26 05:34:44.360 INFO  (coreLoadExecutor-6-thread-2) [   ] o.a.s.c.SolrResourceLoader Adding 'file:/Applications/drupal-7.50-0/apps/solr-5.5.0/contrib/extraction/lib/poi-scratchpad-3.11.jar' to classloader
2016-08-26 05:34:44.360 INFO  (coreLoadExecutor-6-thread-1) [   ] o.a.s.c.SolrResourceLoader Adding 'file:/Applications/drupal-7.50-0/apps/solr-5.5.0/contrib/extraction/lib/poi-3.11.jar' to classloader
2016-08-26 05:34:44.360 INFO  (coreLoadExecutor-6-thread-2) [   ] o.a.s.c.SolrResourceLoader Adding 'file:/Applications/drupal-7.50-0/apps/solr-5.5.0/contrib/extraction/lib/rome-1.0.jar' to classloader
2016-08-26 05:34:44.360 INFO  (coreLoadExecutor-6-thread-1) [   ] o.a.s.c.SolrResourceLoader Adding 'file:/Applications/drupal-7.50-0/apps/solr-5.5.0/contrib/extraction/lib/poi-ooxml-3.11.jar' to classloader
2016-08-26 05:34:44.360 INFO  (coreLoadExecutor-6-thread-2) [   ] o.a.s.c.SolrResourceLoader Adding 'file:/Applications/drupal-7.50-0/apps/solr-5.5.0/contrib/extraction/lib/tagsoup-1.2.1.jar' to classloader
2016-08-26 05:34:44.360 INFO  (coreLoadExecutor-6-thread-1) [   ] o.a.s.c.SolrResourceLoader Adding 'file:/Applications/drupal-7.50-0/apps/solr-5.5.0/contrib/extraction/lib/poi-ooxml-schemas-3.11.jar' to classloader
2016-08-26 05:34:44.360 INFO  (coreLoadExecutor-6-thread-2) [   ] o.a.s.c.SolrResourceLoader Adding 'file:/Applications/drupal-7.50-0/apps/solr-5.5.0/contrib/extraction/lib/tika-core-1.7.jar' to classloader
2016-08-26 05:34:44.360 INFO  (coreLoadExecutor-6-thread-1) [   ] o.a.s.c.SolrResourceLoader Adding 'file:/Applications/drupal-7.50-0/apps/solr-5.5.0/contrib/extraction/lib/poi-scratchpad-3.11.jar' to classloader
2016-08-26 05:34:44.360 INFO  (coreLoadExecutor-6-thread-2) [   ] o.a.s.c.SolrResourceLoader Adding 'file:/Applications/drupal-7.50-0/apps/solr-5.5.0/contrib/extraction/lib/tika-java7-1.7.jar' to classloader
2016-08-26 05:34:44.360 INFO  (coreLoadExecutor-6-thread-1) [   ] o.a.s.c.SolrResourceLoader Adding 'file:/Applications/drupal-7.50-0/apps/solr-5.5.0/contrib/extraction/lib/rome-1.0.jar' to classloader
2016-08-26 05:34:44.360 INFO  (coreLoadExecutor-6-thread-2) [   ] o.a.s.c.SolrResourceLoader Adding 'file:/Applications/drupal-7.50-0/apps/solr-5.5.0/contrib/extraction/lib/tika-parsers-1.7.jar' to classloader
2016-08-26 05:34:44.360 INFO  (coreLoadExecutor-6-thread-1) [   ] o.a.s.c.SolrResourceLoader Adding 'file:/Applications/drupal-7.50-0/apps/solr-5.5.0/contrib/extraction/lib/tagsoup-1.2.1.jar' to classloader
2016-08-26 05:34:44.360 INFO  (coreLoadExecutor-6-thread-2) [   ] o.a.s.c.SolrResourceLoader Adding 'file:/Applications/drupal-7.50-0/apps/solr-5.5.0/contrib/extraction/lib/tika-xmp-1.7.jar' to classloader
2016-08-26 05:34:44.360 INFO  (coreLoadExecutor-6-thread-1) [   ] o.a.s.c.SolrResourceLoader Adding 'file:/Applications/drupal-7.50-0/apps/solr-5.5.0/contrib/extraction/lib/tika-core-1.7.jar' to classloader
2016-08-26 05:34:44.360 INFO  (coreLoadExecutor-6-thread-2) [   ] o.a.s.c.SolrResourceLoader Adding 'file:/Applications/drupal-7.50-0/apps/solr-5.5.0/contrib/extraction/lib/vorbis-java-core-0.6.jar' to classloader
2016-08-26 05:34:44.360 INFO  (coreLoadExecutor-6-thread-1) [   ] o.a.s.c.SolrResourceLoader Adding 'file:/Applications/drupal-7.50-0/apps/solr-5.5.0/contrib/extraction/lib/tika-java7-1.7.jar' to classloader
2016-08-26 05:34:44.361 INFO  (coreLoadExecutor-6-thread-2) [   ] o.a.s.c.SolrResourceLoader Adding 'file:/Applications/drupal-7.50-0/apps/solr-5.5.0/contrib/extraction/lib/vorbis-java-tika-0.6.jar' to classloader
2016-08-26 05:34:44.361 INFO  (coreLoadExecutor-6-thread-1) [   ] o.a.s.c.SolrResourceLoader Adding 'file:/Applications/drupal-7.50-0/apps/solr-5.5.0/contrib/extraction/lib/tika-parsers-1.7.jar' to classloader
2016-08-26 05:34:44.361 INFO  (coreLoadExecutor-6-thread-2) [   ] o.a.s.c.SolrResourceLoader Adding 'file:/Applications/drupal-7.50-0/apps/solr-5.5.0/contrib/extraction/lib/xercesImpl-2.9.1.jar' to classloader
2016-08-26 05:34:44.361 INFO  (coreLoadExecutor-6-thread-1) [   ] o.a.s.c.SolrResourceLoader Adding 'file:/Applications/drupal-7.50-0/apps/solr-5.5.0/contrib/extraction/lib/tika-xmp-1.7.jar' to classloader
2016-08-26 05:34:44.361 INFO  (coreLoadExecutor-6-thread-2) [   ] o.a.s.c.SolrResourceLoader Adding 'file:/Applications/drupal-7.50-0/apps/solr-5.5.0/contrib/extraction/lib/xmlbeans-2.6.0.jar' to classloader
2016-08-26 05:34:44.361 INFO  (coreLoadExecutor-6-thread-1) [   ] o.a.s.c.SolrResourceLoader Adding 'file:/Applications/drupal-7.50-0/apps/solr-5.5.0/contrib/extraction/lib/vorbis-java-core-0.6.jar' to classloader
2016-08-26 05:34:44.361 INFO  (coreLoadExecutor-6-thread-2) [   ] o.a.s.c.SolrResourceLoader Adding 'file:/Applications/drupal-7.50-0/apps/solr-5.5.0/contrib/extraction/lib/xmpcore-5.1.2.jar' to classloader
2016-08-26 05:34:44.361 INFO  (coreLoadExecutor-6-thread-1) [   ] o.a.s.c.SolrResourceLoader Adding 'file:/Applications/drupal-7.50-0/apps/solr-5.5.0/contrib/extraction/lib/vorbis-java-tika-0.6.jar' to classloader
2016-08-26 05:34:44.361 INFO  (coreLoadExecutor-6-thread-2) [   ] o.a.s.c.SolrResourceLoader Adding 'file:/Applications/drupal-7.50-0/apps/solr-5.5.0/contrib/extraction/lib/xz-1.5.jar' to classloader
2016-08-26 05:34:44.361 INFO  (coreLoadExecutor-6-thread-1) [   ] o.a.s.c.SolrResourceLoader Adding 'file:/Applications/drupal-7.50-0/apps/solr-5.5.0/contrib/extraction/lib/xercesImpl-2.9.1.jar' to classloader
2016-08-26 05:34:44.361 INFO  (coreLoadExecutor-6-thread-2) [   ] o.a.s.c.SolrResourceLoader Adding 'file:/Applications/drupal-7.50-0/apps/solr-5.5.0/contrib/clustering/lib/attributes-binder-1.2.3.jar' to classloader
2016-08-26 05:34:44.361 INFO  (coreLoadExecutor-6-thread-1) [   ] o.a.s.c.SolrResourceLoader Adding 'file:/Applications/drupal-7.50-0/apps/solr-5.5.0/contrib/extraction/lib/xmlbeans-2.6.0.jar' to classloader
2016-08-26 05:34:44.361 INFO  (coreLoadExecutor-6-thread-2) [   ] o.a.s.c.SolrResourceLoader Adding 'file:/Applications/drupal-7.50-0/apps/solr-5.5.0/contrib/clustering/lib/carrot2-guava-18.0.jar' to classloader
2016-08-26 05:34:44.362 INFO  (coreLoadExecutor-6-thread-1) [   ] o.a.s.c.SolrResourceLoader Adding 'file:/Applications/drupal-7.50-0/apps/solr-5.5.0/contrib/extraction/lib/xmpcore-5.1.2.jar' to classloader
2016-08-26 05:34:44.362 INFO  (coreLoadExecutor-6-thread-2) [   ] o.a.s.c.SolrResourceLoader Adding 'file:/Applications/drupal-7.50-0/apps/solr-5.5.0/contrib/clustering/lib/carrot2-mini-3.10.4.jar' to classloader
2016-08-26 05:34:44.362 INFO  (coreLoadExecutor-6-thread-1) [   ] o.a.s.c.SolrResourceLoader Adding 'file:/Applications/drupal-7.50-0/apps/solr-5.5.0/contrib/extraction/lib/xz-1.5.jar' to classloader
2016-08-26 05:34:44.362 INFO  (coreLoadExecutor-6-thread-2) [   ] o.a.s.c.SolrResourceLoader Adding 'file:/Applications/drupal-7.50-0/apps/solr-5.5.0/contrib/clustering/lib/jackson-annotations-2.5.4.jar' to classloader
2016-08-26 05:34:44.362 INFO  (coreLoadExecutor-6-thread-1) [   ] o.a.s.c.SolrResourceLoader Adding 'file:/Applications/drupal-7.50-0/apps/solr-5.5.0/contrib/clustering/lib/attributes-binder-1.2.3.jar' to classloader
2016-08-26 05:34:44.362 INFO  (coreLoadExecutor-6-thread-2) [   ] o.a.s.c.SolrResourceLoader Adding 'file:/Applications/drupal-7.50-0/apps/solr-5.5.0/contrib/clustering/lib/jackson-databind-2.5.4.jar' to classloader
2016-08-26 05:34:44.362 INFO  (coreLoadExecutor-6-thread-1) [   ] o.a.s.c.SolrResourceLoader Adding 'file:/Applications/drupal-7.50-0/apps/solr-5.5.0/contrib/clustering/lib/carrot2-guava-18.0.jar' to classloader
2016-08-26 05:34:44.362 INFO  (coreLoadExecutor-6-thread-2) [   ] o.a.s.c.SolrResourceLoader Adding 'file:/Applications/drupal-7.50-0/apps/solr-5.5.0/contrib/clustering/lib/mahout-collections-1.0.jar' to classloader
2016-08-26 05:34:44.362 INFO  (coreLoadExecutor-6-thread-2) [   ] o.a.s.c.SolrResourceLoader Adding 'file:/Applications/drupal-7.50-0/apps/solr-5.5.0/contrib/clustering/lib/mahout-math-0.6.jar' to classloader
2016-08-26 05:34:44.362 INFO  (coreLoadExecutor-6-thread-1) [   ] o.a.s.c.SolrResourceLoader Adding 'file:/Applications/drupal-7.50-0/apps/solr-5.5.0/contrib/clustering/lib/carrot2-mini-3.10.4.jar' to classloader
2016-08-26 05:34:44.362 INFO  (coreLoadExecutor-6-thread-2) [   ] o.a.s.c.SolrResourceLoader Adding 'file:/Applications/drupal-7.50-0/apps/solr-5.5.0/contrib/clustering/lib/simple-xml-2.7.1.jar' to classloader
2016-08-26 05:34:44.362 INFO  (coreLoadExecutor-6-thread-1) [   ] o.a.s.c.SolrResourceLoader Adding 'file:/Applications/drupal-7.50-0/apps/solr-5.5.0/contrib/clustering/lib/jackson-annotations-2.5.4.jar' to classloader
2016-08-26 05:34:44.362 INFO  (coreLoadExecutor-6-thread-1) [   ] o.a.s.c.SolrResourceLoader Adding 'file:/Applications/drupal-7.50-0/apps/solr-5.5.0/contrib/clustering/lib/jackson-databind-2.5.4.jar' to classloader
2016-08-26 05:34:44.362 INFO  (coreLoadExecutor-6-thread-1) [   ] o.a.s.c.SolrResourceLoader Adding 'file:/Applications/drupal-7.50-0/apps/solr-5.5.0/contrib/clustering/lib/mahout-collections-1.0.jar' to classloader
2016-08-26 05:34:44.363 INFO  (coreLoadExecutor-6-thread-1) [   ] o.a.s.c.SolrResourceLoader Adding 'file:/Applications/drupal-7.50-0/apps/solr-5.5.0/contrib/clustering/lib/mahout-math-0.6.jar' to classloader
2016-08-26 05:34:44.363 INFO  (coreLoadExecutor-6-thread-1) [   ] o.a.s.c.SolrResourceLoader Adding 'file:/Applications/drupal-7.50-0/apps/solr-5.5.0/contrib/clustering/lib/simple-xml-2.7.1.jar' to classloader
2016-08-26 05:34:44.564 WARN  (coreLoadExecutor-6-thread-2) [   ] o.a.s.c.Config Solr no longer supports forceful unlocking via the 'unlockOnStartup' option.  This is no longer neccessary for the default lockType except in situations where it would be dangerous and should not be done.  For other lockTypes and/or directoryFactory options it may also be dangerous and users must resolve problematic locks manually.
2016-08-26 05:34:44.566 WARN  (coreLoadExecutor-6-thread-1) [   ] o.a.s.c.Config Solr no longer supports forceful unlocking via the 'unlockOnStartup' option.  This is no longer neccessary for the default lockType except in situations where it would be dangerous and should not be done.  For other lockTypes and/or directoryFactory options it may also be dangerous and users must resolve problematic locks manually.
2016-08-26 05:34:44.601 WARN  (coreLoadExecutor-6-thread-2) [   ] o.a.s.c.Config Beginning with Solr 5.5, <mergePolicy> is deprecated, use <mergePolicyFactory> instead.
2016-08-26 05:34:44.601 WARN  (coreLoadExecutor-6-thread-2) [   ] o.a.s.c.Config Beginning with Solr 5.5, <maxMergeDocs> is deprecated, configure it on the relevant <mergePolicyFactory> instead.
2016-08-26 05:34:44.601 WARN  (coreLoadExecutor-6-thread-2) [   ] o.a.s.c.Config Beginning with Solr 5.5, <mergeFactor> is deprecated, configure it on the relevant <mergePolicyFactory> instead.
2016-08-26 05:34:44.603 WARN  (coreLoadExecutor-6-thread-1) [   ] o.a.s.c.Config Beginning with Solr 5.5, <mergePolicy> is deprecated, use <mergePolicyFactory> instead.
2016-08-26 05:34:44.603 WARN  (coreLoadExecutor-6-thread-1) [   ] o.a.s.c.Config Beginning with Solr 5.5, <maxMergeDocs> is deprecated, configure it on the relevant <mergePolicyFactory> instead.
2016-08-26 05:34:44.603 WARN  (coreLoadExecutor-6-thread-1) [   ] o.a.s.c.Config Beginning with Solr 5.5, <mergeFactor> is deprecated, configure it on the relevant <mergePolicyFactory> instead.
2016-08-26 05:34:44.605 INFO  (coreLoadExecutor-6-thread-2) [   ] o.a.s.u.SolrIndexConfig IndexWriter infoStream solr logging is enabled
2016-08-26 05:34:44.606 INFO  (coreLoadExecutor-6-thread-1) [   ] o.a.s.u.SolrIndexConfig IndexWriter infoStream solr logging is enabled
2016-08-26 05:34:44.613 INFO  (coreLoadExecutor-6-thread-1) [   ] o.a.s.c.SolrConfig Using Lucene MatchVersion: 5.0.0
2016-08-26 05:34:44.613 INFO  (coreLoadExecutor-6-thread-2) [   ] o.a.s.c.SolrConfig Using Lucene MatchVersion: 5.0.0
2016-08-26 05:34:44.709 INFO  (coreLoadExecutor-6-thread-1) [   ] o.a.s.c.SolrConfig Loaded SolrConfig: solrconfig.xml
2016-08-26 05:34:44.709 INFO  (coreLoadExecutor-6-thread-2) [   ] o.a.s.c.SolrConfig Loaded SolrConfig: solrconfig.xml
2016-08-26 05:34:44.744 INFO  (coreLoadExecutor-6-thread-2) [   ] o.a.s.s.IndexSchema [search] Schema name=drupal-4.3-solr-5.x
2016-08-26 05:34:44.744 INFO  (coreLoadExecutor-6-thread-1) [   ] o.a.s.s.IndexSchema [drupal] Schema name=drupal-4.3-solr-5.x
2016-08-26 05:34:44.957 INFO  (coreLoadExecutor-6-thread-2) [   ] o.a.s.s.IndexSchema unique key field: id
2016-08-26 05:34:44.957 INFO  (coreLoadExecutor-6-thread-1) [   ] o.a.s.s.IndexSchema unique key field: id
2016-08-26 05:34:44.999 INFO  (coreLoadExecutor-6-thread-2) [   ] o.a.s.c.ConfigSetProperties Did not find ConfigSet properties, assuming default properties: Can't find resource 'configsetprops.json' in classpath or '/Applications/drupal-7.50-0/apps/solr-5.5.0/server/solr/search'
2016-08-26 05:34:44.999 INFO  (coreLoadExecutor-6-thread-1) [   ] o.a.s.c.ConfigSetProperties Did not find ConfigSet properties, assuming default properties: Can't find resource 'configsetprops.json' in classpath or '/Applications/drupal-7.50-0/apps/solr-5.5.0/server/solr/drupal'
2016-08-26 05:34:45.000 INFO  (coreLoadExecutor-6-thread-2) [   ] o.a.s.c.CoreContainer Creating SolrCore 'search' using configuration from instancedir /Applications/drupal-7.50-0/apps/solr-5.5.0/server/solr/search
2016-08-26 05:34:45.000 INFO  (coreLoadExecutor-6-thread-1) [   ] o.a.s.c.CoreContainer Creating SolrCore 'drupal' using configuration from instancedir /Applications/drupal-7.50-0/apps/solr-5.5.0/server/solr/drupal
2016-08-26 05:34:45.019 INFO  (coreLoadExecutor-6-thread-1) [   x:drupal] o.a.s.c.SolrCore solr.NRTCachingDirectoryFactory
2016-08-26 05:34:45.019 INFO  (coreLoadExecutor-6-thread-2) [   x:search] o.a.s.c.SolrCore solr.NRTCachingDirectoryFactory
2016-08-26 05:34:45.031 INFO  (coreLoadExecutor-6-thread-2) [   x:search] o.a.s.c.SolrCore [[search] ] Opening new SolrCore at [/Applications/drupal-7.50-0/apps/solr-5.5.0/server/solr/search], dataDir=[/Applications/drupal-7.50-0/apps/solr-5.5.0/server/solr/search/data/]
2016-08-26 05:34:45.031 INFO  (coreLoadExecutor-6-thread-1) [   x:drupal] o.a.s.c.SolrCore [[drupal] ] Opening new SolrCore at [/Applications/drupal-7.50-0/apps/solr-5.5.0/server/solr/drupal], dataDir=[/Applications/drupal-7.50-0/apps/solr-5.5.0/server/solr/drupal/data/]
2016-08-26 05:34:45.031 INFO  (coreLoadExecutor-6-thread-2) [   x:search] o.a.s.c.SolrCore JMX monitoring not detected for core: search
2016-08-26 05:34:45.031 INFO  (coreLoadExecutor-6-thread-1) [   x:drupal] o.a.s.c.SolrCore JMX monitoring not detected for core: drupal
2016-08-26 05:34:45.035 INFO  (coreLoadExecutor-6-thread-2) [   x:search] o.a.s.c.SolrCore [[search] ] Added SolrEventListener for newSearcher: [org.apache.solr.core.QuerySenderListener{queries=[]}]
2016-08-26 05:34:45.035 INFO  (coreLoadExecutor-6-thread-1) [   x:drupal] o.a.s.c.SolrCore [[drupal] ] Added SolrEventListener for newSearcher: [org.apache.solr.core.QuerySenderListener{queries=[]}]
2016-08-26 05:34:45.035 INFO  (coreLoadExecutor-6-thread-2) [   x:search] o.a.s.c.SolrCore [[search] ] Added SolrEventListener for firstSearcher: [org.apache.solr.core.QuerySenderListener{queries=[{q=solr rocks,start=0,rows=10}]}]
2016-08-26 05:34:45.035 INFO  (coreLoadExecutor-6-thread-1) [   x:drupal] o.a.s.c.SolrCore [[drupal] ] Added SolrEventListener for firstSearcher: [org.apache.solr.core.QuerySenderListener{queries=[{q=solr rocks,start=0,rows=10}]}]
2016-08-26 05:34:45.040 INFO  (coreLoadExecutor-6-thread-2) [   x:search] o.a.s.c.SchemaCodecFactory Using default compressionMode: BEST_SPEED
2016-08-26 05:34:45.040 INFO  (coreLoadExecutor-6-thread-1) [   x:drupal] o.a.s.c.SchemaCodecFactory Using default compressionMode: BEST_SPEED
2016-08-26 05:34:45.048 INFO  (coreLoadExecutor-6-thread-1) [   x:drupal] o.a.s.c.CachingDirectoryFactory return new directory for /Applications/drupal-7.50-0/apps/solr-5.5.0/server/solr/drupal/data
2016-08-26 05:34:45.048 INFO  (coreLoadExecutor-6-thread-2) [   x:search] o.a.s.c.CachingDirectoryFactory return new directory for /Applications/drupal-7.50-0/apps/solr-5.5.0/server/solr/search/data
2016-08-26 05:34:45.049 INFO  (coreLoadExecutor-6-thread-2) [   x:search] o.a.s.c.SolrCore New index directory detected: old=null new=/Applications/drupal-7.50-0/apps/solr-5.5.0/server/solr/search/data/index/
2016-08-26 05:34:45.049 INFO  (coreLoadExecutor-6-thread-1) [   x:drupal] o.a.s.c.SolrCore New index directory detected: old=null new=/Applications/drupal-7.50-0/apps/solr-5.5.0/server/solr/drupal/data/index/
2016-08-26 05:34:45.049 INFO  (coreLoadExecutor-6-thread-2) [   x:search] o.a.s.c.CachingDirectoryFactory return new directory for /Applications/drupal-7.50-0/apps/solr-5.5.0/server/solr/search/data/index
2016-08-26 05:34:45.049 INFO  (coreLoadExecutor-6-thread-1) [   x:drupal] o.a.s.c.CachingDirectoryFactory return new directory for /Applications/drupal-7.50-0/apps/solr-5.5.0/server/solr/drupal/data/index
2016-08-26 05:34:45.063 INFO  (OldIndexDirectoryCleanupThreadForCore-drupal) [   x:drupal] o.a.s.c.SolrCore Looking for old index directories to cleanup for core drupal in /Applications/drupal-7.50-0/apps/solr-5.5.0/server/solr/drupal/data/
2016-08-26 05:34:45.063 INFO  (OldIndexDirectoryCleanupThreadForCore-search) [   x:search] o.a.s.c.SolrCore Looking for old index directories to cleanup for core search in /Applications/drupal-7.50-0/apps/solr-5.5.0/server/solr/search/data/
2016-08-26 05:34:45.069 INFO  (coreLoadExecutor-6-thread-2) [   x:search] o.a.s.r.XSLTResponseWriter xsltCacheLifetimeSeconds=5
2016-08-26 05:34:45.069 INFO  (coreLoadExecutor-6-thread-1) [   x:drupal] o.a.s.r.XSLTResponseWriter xsltCacheLifetimeSeconds=5
2016-08-26 05:34:45.173 INFO  (coreLoadExecutor-6-thread-2) [   x:search] o.a.s.c.SolrCore no updateRequestProcessorChain defined as default, creating implicit default
2016-08-26 05:34:45.173 INFO  (coreLoadExecutor-6-thread-1) [   x:drupal] o.a.s.c.SolrCore no updateRequestProcessorChain defined as default, creating implicit default
2016-08-26 05:34:45.210 INFO  (coreLoadExecutor-6-thread-1) [   x:drupal] o.a.s.h.l.XMLLoader xsltCacheLifetimeSeconds=60
2016-08-26 05:34:45.210 INFO  (coreLoadExecutor-6-thread-2) [   x:search] o.a.s.h.l.XMLLoader xsltCacheLifetimeSeconds=60
2016-08-26 05:34:45.212 INFO  (coreLoadExecutor-6-thread-1) [   x:drupal] o.a.s.c.PluginBag requestHandler : '/update/json' created with startup=lazy 
2016-08-26 05:34:45.212 INFO  (coreLoadExecutor-6-thread-2) [   x:search] o.a.s.c.PluginBag requestHandler : '/update/json' created with startup=lazy 
2016-08-26 05:34:45.212 INFO  (coreLoadExecutor-6-thread-1) [   x:drupal] o.a.s.c.PluginBag requestHandler : '/update/csv' created with startup=lazy 
2016-08-26 05:34:45.212 INFO  (coreLoadExecutor-6-thread-2) [   x:search] o.a.s.c.PluginBag requestHandler : '/update/csv' created with startup=lazy 
2016-08-26 05:34:45.213 INFO  (coreLoadExecutor-6-thread-2) [   x:search] o.a.s.h.l.XMLLoader xsltCacheLifetimeSeconds=60
2016-08-26 05:34:45.213 INFO  (coreLoadExecutor-6-thread-1) [   x:drupal] o.a.s.h.l.XMLLoader xsltCacheLifetimeSeconds=60
2016-08-26 05:34:45.229 INFO  (coreLoadExecutor-6-thread-1) [   x:drupal] o.a.s.c.PluginBag requestHandler : '/update/extract' created with startup=lazy 
2016-08-26 05:34:45.229 INFO  (coreLoadExecutor-6-thread-2) [   x:search] o.a.s.c.PluginBag requestHandler : '/update/extract' created with startup=lazy 
2016-08-26 05:34:45.229 INFO  (coreLoadExecutor-6-thread-1) [   x:drupal] o.a.s.c.PluginBag requestHandler : '/update/xslt' created with startup=lazy 
2016-08-26 05:34:45.229 INFO  (coreLoadExecutor-6-thread-2) [   x:search] o.a.s.c.PluginBag requestHandler : '/update/xslt' created with startup=lazy 
2016-08-26 05:34:45.229 INFO  (coreLoadExecutor-6-thread-1) [   x:drupal] o.a.s.c.PluginBag requestHandler : '/analysis/field' created with startup=lazy 
2016-08-26 05:34:45.229 INFO  (coreLoadExecutor-6-thread-2) [   x:search] o.a.s.c.PluginBag requestHandler : '/analysis/field' created with startup=lazy 
2016-08-26 05:34:45.230 INFO  (coreLoadExecutor-6-thread-1) [   x:drupal] o.a.s.c.PluginBag requestHandler : '/analysis/document' created with startup=lazy 
2016-08-26 05:34:45.230 INFO  (coreLoadExecutor-6-thread-2) [   x:search] o.a.s.c.PluginBag requestHandler : '/analysis/document' created with startup=lazy 
2016-08-26 05:34:45.232 INFO  (coreLoadExecutor-6-thread-2) [   x:search] o.a.s.c.PluginBag requestHandler : '/spell' created with startup=lazy 
2016-08-26 05:34:45.232 INFO  (coreLoadExecutor-6-thread-1) [   x:drupal] o.a.s.c.PluginBag requestHandler : '/spell' created with startup=lazy 
2016-08-26 05:34:45.232 INFO  (coreLoadExecutor-6-thread-2) [   x:search] o.a.s.c.PluginBag requestHandler : '/tvrh' created with startup=lazy 
2016-08-26 05:34:45.232 INFO  (coreLoadExecutor-6-thread-1) [   x:drupal] o.a.s.c.PluginBag requestHandler : '/tvrh' created with startup=lazy 
2016-08-26 05:34:45.232 INFO  (coreLoadExecutor-6-thread-2) [   x:search] o.a.s.c.PluginBag requestHandler : '/terms' created with startup=lazy 
2016-08-26 05:34:45.232 INFO  (coreLoadExecutor-6-thread-1) [   x:drupal] o.a.s.c.PluginBag requestHandler : '/terms' created with startup=lazy 
2016-08-26 05:34:45.232 INFO  (coreLoadExecutor-6-thread-2) [   x:search] o.a.s.c.PluginBag requestHandler : '/elevate' created with startup=lazy 
2016-08-26 05:34:45.232 INFO  (coreLoadExecutor-6-thread-1) [   x:drupal] o.a.s.c.PluginBag requestHandler : '/elevate' created with startup=lazy 
2016-08-26 05:34:45.233 INFO  (coreLoadExecutor-6-thread-1) [   x:drupal] o.a.s.c.RequestHandlers Registered paths: /admin/mbeans,standard,,/update/json/docs,/admin/luke,/export,pinkPony,/get,/admin/properties,/elevate,/update/json,/admin/threads,/query,/analysis/field,/analysis/document,/spell,/update/csv,/tvrh,/admin/segments,/admin/system,/replication,mlt,/config,/schema,/update/xslt,/admin/plugins,/admin/logging,/admin/ping,/update,/admin/file,/debug/dump,/terms,/update/extract
2016-08-26 05:34:45.233 INFO  (coreLoadExecutor-6-thread-2) [   x:search] o.a.s.c.RequestHandlers Registered paths: /admin/mbeans,standard,,/update/json/docs,/admin/luke,/export,pinkPony,/get,/admin/properties,/elevate,/update/json,/admin/threads,/query,/analysis/field,/analysis/document,/spell,/update/csv,/tvrh,/admin/segments,/admin/system,/replication,mlt,/config,/schema,/update/xslt,/admin/plugins,/admin/logging,/admin/ping,/update,/admin/file,/debug/dump,/terms,/update/extract
2016-08-26 05:34:45.234 INFO  (coreLoadExecutor-6-thread-1) [   x:drupal] o.a.s.c.SolrCore Using default statsCache cache: org.apache.solr.search.stats.LocalStatsCache
2016-08-26 05:34:45.234 INFO  (coreLoadExecutor-6-thread-2) [   x:search] o.a.s.c.SolrCore Using default statsCache cache: org.apache.solr.search.stats.LocalStatsCache
2016-08-26 05:34:45.242 INFO  (coreLoadExecutor-6-thread-2) [   x:search] o.a.s.u.UpdateHandler Using UpdateLog implementation: org.apache.solr.update.UpdateLog
2016-08-26 05:34:45.242 INFO  (coreLoadExecutor-6-thread-1) [   x:drupal] o.a.s.u.UpdateHandler Using UpdateLog implementation: org.apache.solr.update.UpdateLog
2016-08-26 05:34:45.242 INFO  (coreLoadExecutor-6-thread-2) [   x:search] o.a.s.u.UpdateLog Initializing UpdateLog: dataDir= defaultSyncLevel=FLUSH numRecordsToKeep=100 maxNumLogsToKeep=10 numVersionBuckets=65536
2016-08-26 05:34:45.242 INFO  (coreLoadExecutor-6-thread-1) [   x:drupal] o.a.s.u.UpdateLog Initializing UpdateLog: dataDir= defaultSyncLevel=FLUSH numRecordsToKeep=100 maxNumLogsToKeep=10 numVersionBuckets=65536
2016-08-26 05:34:45.250 INFO  (coreLoadExecutor-6-thread-2) [   x:search] o.a.s.u.CommitTracker Hard AutoCommit: if uncommited for 120000ms; if 10000 uncommited docs 
2016-08-26 05:34:45.251 INFO  (coreLoadExecutor-6-thread-2) [   x:search] o.a.s.u.CommitTracker Soft AutoCommit: if uncommited for 10000ms; if 2000 uncommited docs 
2016-08-26 05:34:45.263 INFO  (coreLoadExecutor-6-thread-1) [   x:drupal] o.a.s.u.CommitTracker Hard AutoCommit: if uncommited for 120000ms; if 10000 uncommited docs 
2016-08-26 05:34:45.263 INFO  (coreLoadExecutor-6-thread-1) [   x:drupal] o.a.s.u.CommitTracker Soft AutoCommit: if uncommited for 10000ms; if 2000 uncommited docs 
2016-08-26 05:34:45.290 INFO  (coreLoadExecutor-6-thread-2) [   x:search] o.a.s.c.SolrDeletionPolicy SolrDeletionPolicy.onInit: commits: num=1
	commit{dir=NRTCachingDirectory(MMapDirectory@/Applications/drupal-7.50-0/apps/solr-5.5.0/server/solr/search/data/index lockFactory=org.apache.lucene.store.NativeFSLockFactory@32e4ae58; maxCacheMB=48.0 maxMergeSizeMB=4.0),segFN=segments_1,generation=1}
2016-08-26 05:34:45.290 INFO  (coreLoadExecutor-6-thread-1) [   x:drupal] o.a.s.c.SolrDeletionPolicy SolrDeletionPolicy.onInit: commits: num=1
	commit{dir=NRTCachingDirectory(MMapDirectory@/Applications/drupal-7.50-0/apps/solr-5.5.0/server/solr/drupal/data/index lockFactory=org.apache.lucene.store.NativeFSLockFactory@32e4ae58; maxCacheMB=48.0 maxMergeSizeMB=4.0),segFN=segments_1d,generation=49}
2016-08-26 05:34:45.290 INFO  (coreLoadExecutor-6-thread-2) [   x:search] o.a.s.c.SolrDeletionPolicy newest commit generation = 1
2016-08-26 05:34:45.290 INFO  (coreLoadExecutor-6-thread-1) [   x:drupal] o.a.s.c.SolrDeletionPolicy newest commit generation = 49
2016-08-26 05:34:45.303 INFO  (coreLoadExecutor-6-thread-2) [   x:search] o.a.s.s.SolrIndexSearcher Opening Searcher@35964bda[search] main
2016-08-26 05:34:45.311 INFO  (coreLoadExecutor-6-thread-2) [   x:search] o.a.s.r.ManagedResourceStorage File-based storage initialized to use dir: /Applications/drupal-7.50-0/apps/solr-5.5.0/server/solr/search/conf
2016-08-26 05:34:45.311 INFO  (coreLoadExecutor-6-thread-2) [   x:search] o.a.s.r.RestManager Initializing RestManager with initArgs: {storageDir=/Applications/drupal-7.50-0/apps/solr-5.5.0/server/solr/search/conf}
2016-08-26 05:34:45.322 INFO  (coreLoadExecutor-6-thread-2) [   x:search] o.a.s.r.ManagedResourceStorage Reading _rest_managed.json using file:dir=/Applications/drupal-7.50-0/apps/solr-5.5.0/server/solr/search/conf
2016-08-26 05:34:45.322 INFO  (coreLoadExecutor-6-thread-2) [   x:search] o.a.s.r.RestManager Initializing 0 registered ManagedResources
2016-08-26 05:34:45.332 INFO  (coreLoadExecutor-6-thread-2) [   x:search] o.a.s.h.c.QueryElevationComponent Loading QueryElevation from: /Applications/drupal-7.50-0/apps/solr-5.5.0/server/solr/search/conf/elevate.xml
2016-08-26 05:34:45.339 INFO  (coreLoadExecutor-6-thread-2) [   x:search] o.a.s.h.c.SpellCheckComponent Initializing spell checkers
2016-08-26 05:34:45.347 INFO  (coreLoadExecutor-6-thread-2) [   x:search] o.a.s.h.c.SpellCheckComponent Registering newSearcher listener for spellchecker: default
2016-08-26 05:34:45.347 INFO  (coreLoadExecutor-6-thread-2) [   x:search] o.a.s.h.c.SpellCheckComponent No queryConverter defined, using default converter
2016-08-26 05:34:45.348 INFO  (coreLoadExecutor-6-thread-2) [   x:search] o.a.s.h.ReplicationHandler Commits will be reserved for  10000
2016-08-26 05:34:45.349 INFO  (searcherExecutor-7-thread-1-processing-x:search) [   x:search] o.a.s.c.QuerySenderListener QuerySenderListener sending requests to Searcher@35964bda[search] main{ExitableDirectoryReader(UninvertingDirectoryReader())}
2016-08-26 05:34:45.349 INFO  (coreLoadExecutor-6-thread-2) [   x:search] o.a.s.u.UpdateLog Looking up max value of version field to seed version buckets
2016-08-26 05:34:45.350 INFO  (coreLoadExecutor-6-thread-2) [   x:search] o.a.s.u.VersionInfo Refreshing highest value of _version_ for 65536 version buckets from index
2016-08-26 05:34:45.350 INFO  (coreLoadExecutor-6-thread-2) [   x:search] o.a.s.u.VersionInfo No terms found for _version_, cannot seed version bucket highest value from index
2016-08-26 05:34:45.350 INFO  (coreLoadExecutor-6-thread-2) [   x:search] o.a.s.u.UpdateLog Could not find max version in index or recent updates, using new clock 1543702771505561600
2016-08-26 05:34:45.354 INFO  (coreLoadExecutor-6-thread-2) [   x:search] o.a.s.u.UpdateLog Took 3.0ms to seed version buckets with highest version 1543702771505561600
2016-08-26 05:34:45.354 INFO  (coreLoadExecutor-6-thread-2) [   x:search] o.a.s.c.CoreContainer registering core: search
2016-08-26 05:34:45.358 INFO  (coreLoadExecutor-6-thread-1) [   x:drupal] o.a.s.s.SolrIndexSearcher Opening Searcher@564216e0[drupal] main
2016-08-26 05:34:45.359 INFO  (coreLoadExecutor-6-thread-1) [   x:drupal] o.a.s.r.ManagedResourceStorage File-based storage initialized to use dir: /Applications/drupal-7.50-0/apps/solr-5.5.0/server/solr/drupal/conf
2016-08-26 05:34:45.359 INFO  (coreLoadExecutor-6-thread-1) [   x:drupal] o.a.s.r.RestManager Initializing RestManager with initArgs: {storageDir=/Applications/drupal-7.50-0/apps/solr-5.5.0/server/solr/drupal/conf}
2016-08-26 05:34:45.359 INFO  (coreLoadExecutor-6-thread-1) [   x:drupal] o.a.s.r.ManagedResourceStorage Reading _rest_managed.json using file:dir=/Applications/drupal-7.50-0/apps/solr-5.5.0/server/solr/drupal/conf
2016-08-26 05:34:45.359 INFO  (coreLoadExecutor-6-thread-1) [   x:drupal] o.a.s.r.RestManager Initializing 0 registered ManagedResources
2016-08-26 05:34:45.359 INFO  (coreLoadExecutor-6-thread-1) [   x:drupal] o.a.s.h.c.QueryElevationComponent Loading QueryElevation from: /Applications/drupal-7.50-0/apps/solr-5.5.0/server/solr/drupal/conf/elevate.xml
2016-08-26 05:34:45.363 INFO  (coreLoadExecutor-6-thread-1) [   x:drupal] o.a.s.h.c.SpellCheckComponent Initializing spell checkers
2016-08-26 05:34:45.368 INFO  (coreLoadExecutor-6-thread-1) [   x:drupal] o.a.s.h.c.SpellCheckComponent Registering newSearcher listener for spellchecker: default
2016-08-26 05:34:45.368 INFO  (coreLoadExecutor-6-thread-1) [   x:drupal] o.a.s.h.c.SpellCheckComponent No queryConverter defined, using default converter
2016-08-26 05:34:45.368 INFO  (coreLoadExecutor-6-thread-1) [   x:drupal] o.a.s.h.ReplicationHandler Commits will be reserved for  10000
2016-08-26 05:34:45.368 INFO  (searcherExecutor-8-thread-1-processing-x:drupal) [   x:drupal] o.a.s.c.QuerySenderListener QuerySenderListener sending requests to Searcher@564216e0[drupal] main{ExitableDirectoryReader(UninvertingDirectoryReader(Uninverting(_11(5.5.0):C27)))}
2016-08-26 05:34:45.369 INFO  (coreLoadExecutor-6-thread-1) [   x:drupal] o.a.s.u.UpdateLog Looking up max value of version field to seed version buckets
2016-08-26 05:34:45.370 INFO  (coreLoadExecutor-6-thread-1) [   x:drupal] o.a.s.u.VersionInfo Refreshing highest value of _version_ for 65536 version buckets from index
2016-08-26 05:34:45.380 INFO  (coreLoadExecutor-6-thread-1) [   x:drupal] o.a.s.u.VersionInfo Found MAX value 1543412300906496000 from Terms for _version_ in index
2016-08-26 05:34:45.382 INFO  (coreLoadExecutor-6-thread-1) [   x:drupal] o.a.s.u.UpdateLog Took 13.0ms to seed version buckets with highest version 1543412300906496000
2016-08-26 05:34:45.382 INFO  (coreLoadExecutor-6-thread-1) [   x:drupal] o.a.s.c.CoreContainer registering core: drupal
2016-08-26 05:34:45.423 INFO  (searcherExecutor-7-thread-1-processing-x:search) [   x:search] o.a.s.c.S.Request [search]  webapp=null path=null params={q=solr+rocks&distrib=false&start=0&rows=10&event=firstSearcher} hits=0 status=0 QTime=72
2016-08-26 05:34:45.424 INFO  (searcherExecutor-7-thread-1-processing-x:search) [   x:search] o.a.s.c.QuerySenderListener QuerySenderListener done.
2016-08-26 05:34:45.424 INFO  (searcherExecutor-7-thread-1-processing-x:search) [   x:search] o.a.s.h.c.SpellCheckComponent Loading spell index for spellchecker: default
2016-08-26 05:34:45.426 INFO  (searcherExecutor-7-thread-1-processing-x:search) [   x:search] o.a.s.c.SolrCore [search] Registered new searcher Searcher@35964bda[search] main{ExitableDirectoryReader(UninvertingDirectoryReader())}
2016-08-26 05:34:45.428 INFO  (searcherExecutor-8-thread-1-processing-x:drupal) [   x:drupal] o.a.s.c.S.Request [drupal]  webapp=null path=null params={q=solr+rocks&distrib=false&start=0&rows=10&event=firstSearcher} hits=9 status=0 QTime=59
2016-08-26 05:34:45.436 INFO  (searcherExecutor-8-thread-1-processing-x:drupal) [   x:drupal] o.a.s.c.QuerySenderListener QuerySenderListener done.
2016-08-26 05:34:45.436 INFO  (searcherExecutor-8-thread-1-processing-x:drupal) [   x:drupal] o.a.s.h.c.SpellCheckComponent Loading spell index for spellchecker: default
2016-08-26 05:34:45.438 INFO  (searcherExecutor-8-thread-1-processing-x:drupal) [   x:drupal] o.a.s.c.SolrCore [drupal] Registered new searcher Searcher@564216e0[drupal] main{ExitableDirectoryReader(UninvertingDirectoryReader(Uninverting(_11(5.5.0):C27)))}
2016-08-26 05:34:56.275 INFO  (qtp434176574-38) [   ] o.a.s.s.HttpSolrCall [admin] webapp=null path=/admin/cores params={indexInfo=false&wt=json&_=1472189696269} status=0 QTime=1
2016-08-26 05:34:56.331 INFO  (qtp434176574-40) [   ] o.a.s.s.HttpSolrCall [admin] webapp=null path=/admin/info/system params={wt=json&_=1472189696301} status=0 QTime=28
2016-08-26 18:11:14.161 INFO  (qtp434176574-40) [   x:drupal] o.a.s.u.DirectUpdateHandler2 start commit{,optimize=true,openSearcher=true,waitSearcher=false,expungeDeletes=false,softCommit=false,prepareCommit=false}
2016-08-26 18:11:14.163 WARN  (qtp434176574-40) [   x:drupal] o.a.s.u.DirectUpdateHandler2 Starting optimize... Reading and rewriting the entire index! Use with care.
2016-08-26 18:11:14.168 INFO  (qtp434176574-40) [   x:drupal] o.a.s.u.DirectUpdateHandler2 No uncommitted changes. Skipping IW.commit.
2016-08-26 18:11:14.171 INFO  (qtp434176574-40) [   x:drupal] o.a.s.c.SolrCore SolrIndexSearcher has not changed - not re-opening: org.apache.solr.search.SolrIndexSearcher
2016-08-26 18:11:14.172 INFO  (qtp434176574-40) [   x:drupal] o.a.s.u.DirectUpdateHandler2 end_commit_flush
2016-08-26 18:11:14.173 INFO  (qtp434176574-40) [   x:drupal] o.a.s.u.p.LogUpdateProcessorFactory [drupal]  webapp=/solr path=/update params={wt=json}{optimize=} 0 96
2016-08-26 18:11:14.228 INFO  (qtp434176574-44) [   x:drupal] o.a.s.c.S.Request [drupal]  webapp=/solr path=/admin/ping params={} hits=27 status=0 QTime=10
2016-08-26 18:11:14.228 INFO  (qtp434176574-44) [   x:drupal] o.a.s.c.S.Request [drupal]  webapp=/solr path=/admin/ping params={} status=0 QTime=10
2016-08-26 18:11:14.257 INFO  (qtp434176574-15) [   x:drupal] o.a.s.c.S.Request [drupal]  webapp=/solr path=/admin/luke params={json.nl=map&numTerms=0&wt=json} status=0 QTime=24
2016-08-26 18:11:14.269 INFO  (qtp434176574-42) [   x:drupal] o.a.s.c.S.Request [drupal]  webapp=/solr path=/admin/ping params={} hits=27 status=0 QTime=0
2016-08-26 18:11:14.269 INFO  (qtp434176574-42) [   x:drupal] o.a.s.c.S.Request [drupal]  webapp=/solr path=/admin/ping params={} status=0 QTime=0
2016-08-26 18:11:14.274 INFO  (qtp434176574-18) [   x:search] o.a.s.u.DirectUpdateHandler2 start commit{,optimize=true,openSearcher=true,waitSearcher=false,expungeDeletes=false,softCommit=false,prepareCommit=false}
2016-08-26 18:11:14.274 WARN  (qtp434176574-18) [   x:search] o.a.s.u.DirectUpdateHandler2 Starting optimize... Reading and rewriting the entire index! Use with care.
2016-08-26 18:11:14.275 INFO  (qtp434176574-18) [   x:search] o.a.s.u.DirectUpdateHandler2 No uncommitted changes. Skipping IW.commit.
2016-08-26 18:11:14.275 INFO  (qtp434176574-18) [   x:search] o.a.s.c.SolrCore SolrIndexSearcher has not changed - not re-opening: org.apache.solr.search.SolrIndexSearcher
2016-08-26 18:11:14.275 INFO  (qtp434176574-18) [   x:search] o.a.s.u.DirectUpdateHandler2 end_commit_flush
2016-08-26 18:11:14.275 INFO  (qtp434176574-18) [   x:search] o.a.s.u.p.LogUpdateProcessorFactory [search]  webapp=/solr path=/update params={wt=json}{optimize=} 0 1
2016-08-26 18:11:14.299 INFO  (qtp434176574-40) [   x:search] o.a.s.c.S.Request [search]  webapp=/solr path=/admin/ping params={} hits=0 status=0 QTime=0
2016-08-26 18:11:14.299 INFO  (qtp434176574-40) [   x:search] o.a.s.c.S.Request [search]  webapp=/solr path=/admin/ping params={} status=0 QTime=1
2016-08-26 18:11:14.304 INFO  (qtp434176574-44) [   x:search] o.a.s.c.S.Request [search]  webapp=/solr path=/admin/luke params={json.nl=map&numTerms=0&wt=json} status=0 QTime=0
2016-08-26 18:11:14.308 INFO  (qtp434176574-15) [   x:search] o.a.s.c.S.Request [search]  webapp=/solr path=/admin/ping params={} hits=0 status=0 QTime=0
2016-08-26 18:11:14.308 INFO  (qtp434176574-15) [   x:search] o.a.s.c.S.Request [search]  webapp=/solr path=/admin/ping params={} status=0 QTime=0
2016-08-26 19:18:34.236 INFO  (qtp434176574-44) [   ] o.a.s.s.HttpSolrCall [admin] webapp=null path=/admin/cores params={wt=json&_=1472239114228} status=0 QTime=5
2016-08-26 19:18:34.262 INFO  (qtp434176574-47) [   ] o.a.s.s.HttpSolrCall [admin] webapp=null path=/admin/cores params={wt=json&_=1472239114254} status=0 QTime=2
2016-08-26 21:09:56.115 INFO  (qtp434176574-40) [   ] o.a.s.s.HttpSolrCall [admin] webapp=null path=/admin/cores params={indexInfo=false&wt=json&_=1472245796112} status=0 QTime=0
2016-08-26 21:09:56.168 INFO  (qtp434176574-45) [   ] o.a.s.s.HttpSolrCall [admin] webapp=null path=/admin/info/system params={wt=json&_=1472245796146} status=0 QTime=20
2016-08-26 21:11:35.748 INFO  (qtp434176574-45) [   x:drupal] o.a.s.c.S.Request [drupal]  webapp=/solr path=/admin/ping params={} hits=27 status=0 QTime=0
2016-08-26 21:11:35.749 INFO  (qtp434176574-45) [   x:drupal] o.a.s.c.S.Request [drupal]  webapp=/solr path=/admin/ping params={} status=0 QTime=1
2016-08-26 21:11:35.763 INFO  (qtp434176574-40) [   x:drupal] o.a.s.c.S.Request [drupal]  webapp=/solr path=/admin/luke params={json.nl=map&numTerms=0&wt=json} status=0 QTime=10
2016-08-26 21:11:35.796 INFO  (qtp434176574-49) [   x:drupal] o.a.s.c.S.Request [drupal]  webapp=/solr path=/admin/ping params={} hits=27 status=0 QTime=0
2016-08-26 21:11:35.796 INFO  (qtp434176574-49) [   x:drupal] o.a.s.c.S.Request [drupal]  webapp=/solr path=/admin/ping params={} status=0 QTime=0
2016-08-26 21:11:35.801 INFO  (qtp434176574-50) [   x:search] o.a.s.c.S.Request [search]  webapp=/solr path=/admin/ping params={} hits=0 status=0 QTime=0
2016-08-26 21:11:35.801 INFO  (qtp434176574-50) [   x:search] o.a.s.c.S.Request [search]  webapp=/solr path=/admin/ping params={} status=0 QTime=1
2016-08-26 21:11:35.805 INFO  (qtp434176574-15) [   x:search] o.a.s.c.S.Request [search]  webapp=/solr path=/admin/luke params={json.nl=map&numTerms=0&wt=json} status=0 QTime=0
2016-08-26 21:11:35.819 INFO  (qtp434176574-49) [   x:search] o.a.s.c.S.Request [search]  webapp=/solr path=/admin/ping params={} hits=0 status=0 QTime=0
2016-08-26 21:11:35.819 INFO  (qtp434176574-49) [   x:search] o.a.s.c.S.Request [search]  webapp=/solr path=/admin/ping params={} status=0 QTime=0
2016-08-26 21:11:36.043 INFO  (qtp434176574-50) [   x:drupal] o.a.s.c.S.Request [drupal]  webapp=/solr path=/select params={json.nl=map&spellcheck=true&rows=0&wt=json&spellcheck.build=true} hits=27 status=0 QTime=176
2016-08-26 21:11:36.051 INFO  (qtp434176574-15) [   x:search] o.a.s.c.S.Request [search]  webapp=/solr path=/select params={json.nl=map&spellcheck=true&rows=0&wt=json&spellcheck.build=true} hits=0 status=0 QTime=3
2016-08-26 21:12:00.623 INFO  (qtp434176574-45) [   x:drupal] o.a.s.c.S.Request [drupal]  webapp=/solr path=/admin/ping params={} hits=27 status=0 QTime=0
2016-08-26 21:12:00.624 INFO  (qtp434176574-45) [   x:drupal] o.a.s.c.S.Request [drupal]  webapp=/solr path=/admin/ping params={} status=0 QTime=0
2016-08-26 21:12:00.697 INFO  (qtp434176574-40) [   x:search] o.a.s.c.S.Request [search]  webapp=/solr path=/admin/ping params={} hits=0 status=0 QTime=0
2016-08-26 21:12:00.698 INFO  (qtp434176574-40) [   x:search] o.a.s.c.S.Request [search]  webapp=/solr path=/admin/ping params={} status=0 QTime=0
2016-08-26 21:12:00.700 INFO  (qtp434176574-42) [   x:drupal] o.a.s.c.S.Request [drupal]  webapp=/solr path=/admin/ping params={} hits=27 status=0 QTime=0
2016-08-26 21:12:00.700 INFO  (qtp434176574-42) [   x:drupal] o.a.s.c.S.Request [drupal]  webapp=/solr path=/admin/ping params={} status=0 QTime=0
2016-08-26 21:12:03.236 INFO  (qtp434176574-50) [   x:drupal] o.a.s.c.S.Request [drupal]  webapp=/solr path=/admin/ping params={} hits=27 status=0 QTime=0
2016-08-26 21:12:03.236 INFO  (qtp434176574-50) [   x:drupal] o.a.s.c.S.Request [drupal]  webapp=/solr path=/admin/ping params={} status=0 QTime=0
2016-08-26 21:12:03.239 INFO  (qtp434176574-15) [   x:drupal] o.a.s.c.S.Request [drupal]  webapp=/solr path=/admin/ping params={} hits=27 status=0 QTime=0
2016-08-26 21:12:03.239 INFO  (qtp434176574-15) [   x:drupal] o.a.s.c.S.Request [drupal]  webapp=/solr path=/admin/ping params={} status=0 QTime=0
2016-08-26 21:12:03.250 INFO  (qtp434176574-45) [   x:drupal] o.a.s.c.S.Request [drupal]  webapp=/solr path=/admin/luke params={json.nl=map&numTerms=0&wt=json} status=0 QTime=7
2016-08-26 21:12:03.291 INFO  (qtp434176574-40) [   x:drupal] o.a.s.c.S.Request [drupal]  webapp=/solr path=/admin/mbeans params={stats=true&wt=xml} status=0 QTime=26
2016-08-26 21:12:10.277 INFO  (qtp434176574-42) [   x:drupal] o.a.s.c.S.Request [drupal]  webapp=/solr path=/admin/ping params={} hits=27 status=0 QTime=0
2016-08-26 21:12:10.277 INFO  (qtp434176574-42) [   x:drupal] o.a.s.c.S.Request [drupal]  webapp=/solr path=/admin/ping params={} status=0 QTime=0
2016-08-26 21:12:10.279 INFO  (qtp434176574-50) [   x:search] o.a.s.c.S.Request [search]  webapp=/solr path=/admin/ping params={} hits=0 status=0 QTime=0
2016-08-26 21:12:10.280 INFO  (qtp434176574-50) [   x:search] o.a.s.c.S.Request [search]  webapp=/solr path=/admin/ping params={} status=0 QTime=0
2016-08-26 22:17:24.192 INFO  (qtp434176574-45) [   ] o.a.s.s.HttpSolrCall [admin] webapp=null path=/admin/cores params={indexInfo=false&wt=json&_=1472249844188} status=0 QTime=0
2016-08-26 22:17:24.235 INFO  (qtp434176574-42) [   ] o.a.s.s.HttpSolrCall [admin] webapp=null path=/admin/info/system params={wt=json&_=1472249844217} status=0 QTime=14
2016-08-26 22:30:13.325 INFO  (qtp434176574-52) [   ] o.a.s.s.HttpSolrCall [admin] webapp=null path=/admin/cores params={indexInfo=false&wt=json&_=1472250613321} status=0 QTime=0
2016-08-26 22:30:13.358 INFO  (qtp434176574-15) [   ] o.a.s.s.HttpSolrCall [admin] webapp=null path=/admin/info/system params={wt=json&_=1472250613344} status=0 QTime=11
2016-08-26 23:18:10.778 INFO  (qtp434176574-57) [   ] o.a.s.s.HttpSolrCall [admin] webapp=null path=/admin/cores params={indexInfo=false&wt=json&_=1472253490775} status=0 QTime=0
2016-08-26 23:18:10.821 INFO  (qtp434176574-42) [   ] o.a.s.s.HttpSolrCall [admin] webapp=null path=/admin/info/system params={wt=json&_=1472253490807} status=0 QTime=11
